<?xml version="1.0" encoding="UTF-8"?>
<testsuite xmlns:xsi="http://www.w3.org/2001/XMLSchema-instance" xsi:noNamespaceSchemaLocation="https://maven.apache.org/surefire/maven-surefire-plugin/xsd/surefire-test-report.xsd" name="cs5850.Assignments.Assignment1.GoogleDriveFileOperationTest" time="0.494" tests="12" errors="2" skipped="0" failures="4">
  <properties>
    <property name="sun.desktop" value="windows"/>
    <property name="awt.toolkit" value="sun.awt.windows.WToolkit"/>
    <property name="file.encoding.pkg" value="sun.io"/>
    <property name="java.specification.version" value="1.8"/>
    <property name="sun.cpu.isalist" value="amd64"/>
    <property name="sun.jnu.encoding" value="Cp1252"/>
    <property name="java.class.path" value="H:\workspace_neon3_jee\Assignment1\target\test-classes;H:\workspace_neon3_jee\Assignment1\target\generated-classes\cobertura;C:\Users\hinalshah\.m2\repository\junit\junit\4.12\junit-4.12.jar;C:\Users\hinalshah\.m2\repository\org\hamcrest\hamcrest-core\1.3\hamcrest-core-1.3.jar;C:\Users\hinalshah\.m2\repository\com\google\apis\google-api-services-drive\v3-rev152-1.25.0\google-api-services-drive-v3-rev152-1.25.0.jar;C:\Users\hinalshah\.m2\repository\com\google\api-client\google-api-client\1.25.0\google-api-client-1.25.0.jar;C:\Users\hinalshah\.m2\repository\com\google\oauth-client\google-oauth-client\1.25.0\google-oauth-client-1.25.0.jar;C:\Users\hinalshah\.m2\repository\com\google\http-client\google-http-client\1.25.0\google-http-client-1.25.0.jar;C:\Users\hinalshah\.m2\repository\org\apache\httpcomponents\httpclient\4.5.5\httpclient-4.5.5.jar;C:\Users\hinalshah\.m2\repository\org\apache\httpcomponents\httpcore\4.4.9\httpcore-4.4.9.jar;C:\Users\hinalshah\.m2\repository\commons-logging\commons-logging\1.2\commons-logging-1.2.jar;C:\Users\hinalshah\.m2\repository\commons-codec\commons-codec\1.10\commons-codec-1.10.jar;C:\Users\hinalshah\.m2\repository\com\google\j2objc\j2objc-annotations\1.1\j2objc-annotations-1.1.jar;C:\Users\hinalshah\.m2\repository\com\google\code\findbugs\jsr305\3.0.2\jsr305-3.0.2.jar;C:\Users\hinalshah\.m2\repository\com\google\http-client\google-http-client-jackson2\1.25.0\google-http-client-jackson2-1.25.0.jar;C:\Users\hinalshah\.m2\repository\com\fasterxml\jackson\core\jackson-core\2.9.6\jackson-core-2.9.6.jar;C:\Users\hinalshah\.m2\repository\com\google\guava\guava\20.0\guava-20.0.jar;C:\Users\hinalshah\.m2\repository\org\mockito\mockito-all\1.9.5\mockito-all-1.9.5.jar;C:\Users\hinalshah\.m2\repository\net\sourceforge\cobertura\cobertura\2.1.1\cobertura-2.1.1.jar;C:\Users\hinalshah\.m2\repository\jaxen\jaxen\1.1.4\jaxen-1.1.4.jar;C:\Users\hinalshah\.m2\repository\org\apache\ant\ant\1.8.3\ant-1.8.3.jar;C:\Users\hinalshah\.m2\repository\org\apache\ant\ant-launcher\1.8.3\ant-launcher-1.8.3.jar;C:\Users\hinalshah\.m2\repository\org\apache\ant\ant-junit\1.8.3\ant-junit-1.8.3.jar;C:\Users\hinalshah\.m2\repository\org\mortbay\jetty\servlet-api-2.5\6.1.14\servlet-api-2.5-6.1.14.jar;C:\Users\hinalshah\.m2\repository\org\mortbay\jetty\jetty\6.1.14\jetty-6.1.14.jar;C:\Users\hinalshah\.m2\repository\org\mortbay\jetty\jetty-util\6.1.14\jetty-util-6.1.14.jar;C:\Program Files\Java\jdk1.8.0_161\jre\..\lib\tools.jar;C:\Users\hinalshah\.m2\repository\org\slf4j\slf4j-api\1.7.5\slf4j-api-1.7.5.jar;C:\Users\hinalshah\.m2\repository\ch\qos\logback\logback-classic\1.0.13\logback-classic-1.0.13.jar;C:\Users\hinalshah\.m2\repository\ch\qos\logback\logback-core\1.0.13\logback-core-1.0.13.jar;C:\Users\hinalshah\.m2\repository\org\apache\commons\commons-lang3\3.3.2\commons-lang3-3.3.2.jar;"/>
    <property name="java.vm.vendor" value="Oracle Corporation"/>
    <property name="sun.arch.data.model" value="64"/>
    <property name="user.variant" value=""/>
    <property name="java.vendor.url" value="http://java.oracle.com/"/>
    <property name="user.timezone" value="America/Los_Angeles"/>
    <property name="java.vm.specification.version" value="1.8"/>
    <property name="os.name" value="Windows 10"/>
    <property name="user.country" value="US"/>
    <property name="sun.java.launcher" value="SUN_STANDARD"/>
    <property name="sun.boot.library.path" value="C:\Program Files\Java\jdk1.8.0_161\jre\bin"/>
    <property name="sun.java.command" value="C:\Users\HINALS~1\AppData\Local\Temp\surefire1697777687973448249\surefirebooter2192135733528689279.jar C:\Users\hinalshah\AppData\Local\Temp\surefire1697777687973448249 2019-02-28T22-26-11_814-jvmRun1 surefire6597964409004778366tmp surefire_06550070682715191248tmp"/>
    <property name="surefire.test.class.path" value="H:\workspace_neon3_jee\Assignment1\target\test-classes;H:\workspace_neon3_jee\Assignment1\target\generated-classes\cobertura;C:\Users\hinalshah\.m2\repository\junit\junit\4.12\junit-4.12.jar;C:\Users\hinalshah\.m2\repository\org\hamcrest\hamcrest-core\1.3\hamcrest-core-1.3.jar;C:\Users\hinalshah\.m2\repository\com\google\apis\google-api-services-drive\v3-rev152-1.25.0\google-api-services-drive-v3-rev152-1.25.0.jar;C:\Users\hinalshah\.m2\repository\com\google\api-client\google-api-client\1.25.0\google-api-client-1.25.0.jar;C:\Users\hinalshah\.m2\repository\com\google\oauth-client\google-oauth-client\1.25.0\google-oauth-client-1.25.0.jar;C:\Users\hinalshah\.m2\repository\com\google\http-client\google-http-client\1.25.0\google-http-client-1.25.0.jar;C:\Users\hinalshah\.m2\repository\org\apache\httpcomponents\httpclient\4.5.5\httpclient-4.5.5.jar;C:\Users\hinalshah\.m2\repository\org\apache\httpcomponents\httpcore\4.4.9\httpcore-4.4.9.jar;C:\Users\hinalshah\.m2\repository\commons-logging\commons-logging\1.2\commons-logging-1.2.jar;C:\Users\hinalshah\.m2\repository\commons-codec\commons-codec\1.10\commons-codec-1.10.jar;C:\Users\hinalshah\.m2\repository\com\google\j2objc\j2objc-annotations\1.1\j2objc-annotations-1.1.jar;C:\Users\hinalshah\.m2\repository\com\google\code\findbugs\jsr305\3.0.2\jsr305-3.0.2.jar;C:\Users\hinalshah\.m2\repository\com\google\http-client\google-http-client-jackson2\1.25.0\google-http-client-jackson2-1.25.0.jar;C:\Users\hinalshah\.m2\repository\com\fasterxml\jackson\core\jackson-core\2.9.6\jackson-core-2.9.6.jar;C:\Users\hinalshah\.m2\repository\com\google\guava\guava\20.0\guava-20.0.jar;C:\Users\hinalshah\.m2\repository\org\mockito\mockito-all\1.9.5\mockito-all-1.9.5.jar;C:\Users\hinalshah\.m2\repository\net\sourceforge\cobertura\cobertura\2.1.1\cobertura-2.1.1.jar;C:\Users\hinalshah\.m2\repository\jaxen\jaxen\1.1.4\jaxen-1.1.4.jar;C:\Users\hinalshah\.m2\repository\org\apache\ant\ant\1.8.3\ant-1.8.3.jar;C:\Users\hinalshah\.m2\repository\org\apache\ant\ant-launcher\1.8.3\ant-launcher-1.8.3.jar;C:\Users\hinalshah\.m2\repository\org\apache\ant\ant-junit\1.8.3\ant-junit-1.8.3.jar;C:\Users\hinalshah\.m2\repository\org\mortbay\jetty\servlet-api-2.5\6.1.14\servlet-api-2.5-6.1.14.jar;C:\Users\hinalshah\.m2\repository\org\mortbay\jetty\jetty\6.1.14\jetty-6.1.14.jar;C:\Users\hinalshah\.m2\repository\org\mortbay\jetty\jetty-util\6.1.14\jetty-util-6.1.14.jar;C:\Program Files\Java\jdk1.8.0_161\jre\..\lib\tools.jar;C:\Users\hinalshah\.m2\repository\org\slf4j\slf4j-api\1.7.5\slf4j-api-1.7.5.jar;C:\Users\hinalshah\.m2\repository\ch\qos\logback\logback-classic\1.0.13\logback-classic-1.0.13.jar;C:\Users\hinalshah\.m2\repository\ch\qos\logback\logback-core\1.0.13\logback-core-1.0.13.jar;C:\Users\hinalshah\.m2\repository\org\apache\commons\commons-lang3\3.3.2\commons-lang3-3.3.2.jar;"/>
    <property name="sun.cpu.endian" value="little"/>
    <property name="user.home" value="C:\Users\hinalshah"/>
    <property name="user.language" value="en"/>
    <property name="java.specification.vendor" value="Oracle Corporation"/>
    <property name="java.home" value="C:\Program Files\Java\jdk1.8.0_161\jre"/>
    <property name="basedir" value="H:\workspace_neon3_jee\Assignment1"/>
    <property name="file.separator" value="\"/>
    <property name="line.separator" value="&#10;"/>
    <property name="java.vm.specification.vendor" value="Oracle Corporation"/>
    <property name="java.specification.name" value="Java Platform API Specification"/>
    <property name="java.awt.graphicsenv" value="sun.awt.Win32GraphicsEnvironment"/>
    <property name="surefire.real.class.path" value="C:\Users\HINALS~1\AppData\Local\Temp\surefire1697777687973448249\surefirebooter2192135733528689279.jar"/>
    <property name="sun.boot.class.path" value="C:\Program Files\Java\jdk1.8.0_161\jre\lib\resources.jar;C:\Program Files\Java\jdk1.8.0_161\jre\lib\rt.jar;C:\Program Files\Java\jdk1.8.0_161\jre\lib\sunrsasign.jar;C:\Program Files\Java\jdk1.8.0_161\jre\lib\jsse.jar;C:\Program Files\Java\jdk1.8.0_161\jre\lib\jce.jar;C:\Program Files\Java\jdk1.8.0_161\jre\lib\charsets.jar;C:\Program Files\Java\jdk1.8.0_161\jre\lib\jfr.jar;C:\Program Files\Java\jdk1.8.0_161\jre\classes"/>
    <property name="user.script" value=""/>
    <property name="sun.management.compiler" value="HotSpot 64-Bit Tiered Compilers"/>
    <property name="java.runtime.version" value="1.8.0_161-b12"/>
    <property name="user.name" value="hinalshah"/>
    <property name="path.separator" value=";"/>
    <property name="os.version" value="10.0"/>
    <property name="java.endorsed.dirs" value="C:\Program Files\Java\jdk1.8.0_161\jre\lib\endorsed"/>
    <property name="java.runtime.name" value="Java(TM) SE Runtime Environment"/>
    <property name="file.encoding" value="Cp1252"/>
    <property name="java.vm.name" value="Java HotSpot(TM) 64-Bit Server VM"/>
    <property name="localRepository" value="C:\Users\hinalshah\.m2\repository"/>
    <property name="java.vendor.url.bug" value="http://bugreport.sun.com/bugreport/"/>
    <property name="java.io.tmpdir" value="C:\Users\HINALS~1\AppData\Local\Temp\"/>
    <property name="java.version" value="1.8.0_161"/>
    <property name="user.dir" value="H:\workspace_neon3_jee\Assignment1"/>
    <property name="os.arch" value="amd64"/>
    <property name="java.vm.specification.name" value="Java Virtual Machine Specification"/>
    <property name="java.awt.printerjob" value="sun.awt.windows.WPrinterJob"/>
    <property name="sun.os.patch.level" value=""/>
    <property name="java.library.path" value="C:\Program Files\Java\jdk1.8.0_161\jre\bin;C:\WINDOWS\Sun\Java\bin;C:\WINDOWS\system32;C:\WINDOWS;C:\WINDOWS\system32;C:\WINDOWS;C:\WINDOWS\System32\Wbem;C:\WINDOWS\System32\WindowsPowerShell\v1.0\;C:\ProgramData\Oracle\Java\javapath;C:\Program Files\Java\jdk1.8.0_161\bin;C:\Program Files\Java\jre1.8.0_161\bin;C:\Program Files\MySQL\MySQL Utilities 1.6\;&quot;C:\apache-tomcat-7.0.85-windows-x64\apache-tomcat-7.0.85\bin;&quot;;C:\Program Files\Java\jdk1.8.0_161\bin;C:\Program Files\MongoDB\Server\3.6\bin;C:\Program Files\PuTTY\;C:\WINDOWS\System32\OpenSSH\;H:\Anaconda3;C:\Program Files\Git\cmd;C:\Program Files\erl10.2\bin;C:\Program Files (x86)\Elixir\bin;C:\Users\hinalshah\.mix\escripts;C:\Program Files\apache-maven-3.6.0\bin;C:\Users\hinalshah\AppData\Local\Microsoft\WindowsApps;C:\Program Files\Microsoft VS Code\bin;C:\Modeltech_pe_edu_10.4a\win32pe_edu;H:\Anaconda3;C:\Program Files\erl10.2\bin;;."/>
    <property name="java.vm.info" value="mixed mode"/>
    <property name="java.vendor" value="Oracle Corporation"/>
    <property name="java.vm.version" value="25.161-b12"/>
    <property name="java.ext.dirs" value="C:\Program Files\Java\jdk1.8.0_161\jre\lib\ext;C:\WINDOWS\Sun\Java\lib\ext"/>
    <property name="sun.io.unicode.encoding" value="UnicodeLittle"/>
    <property name="java.class.version" value="52.0"/>
  </properties>
  <testcase name="testaddFolder" classname="cs5850.Assignments.Assignment1.GoogleDriveFileOperationTest" time="0.395">
    <failure message="expected:&lt;[Folder ID: testID]&gt; but was:&lt;[]&gt;" type="org.junit.ComparisonFailure"><![CDATA[org.junit.ComparisonFailure: expected:<[Folder ID: testID]> but was:<[]>
	at cs5850.Assignments.Assignment1.GoogleDriveFileOperationTest.testaddFolder(GoogleDriveFileOperationTest.java:65)
]]></failure>
  </testcase>
  <testcase name="testGetFileIdNull" classname="cs5850.Assignments.Assignment1.GoogleDriveFileOperationTest" time="0.031"/>
  <testcase name="testAddExistingFilesOfDir" classname="cs5850.Assignments.Assignment1.GoogleDriveFileOperationTest" time="0"/>
  <testcase name="testDeleteFileWithException" classname="cs5850.Assignments.Assignment1.GoogleDriveFileOperationTest" time="0.015"/>
  <testcase name="testModifyFileWithIOException" classname="cs5850.Assignments.Assignment1.GoogleDriveFileOperationTest" time="0.023">
    <error message="Unexpected exception, expected&lt;java.io.IOException&gt; but was&lt;java.lang.NullPointerException&gt;" type="java.lang.Exception"><![CDATA[java.lang.Exception: Unexpected exception, expected<java.io.IOException> but was<java.lang.NullPointerException>
	at cs5850.Assignments.Assignment1.GoogleDriveFileOperationTest.testModifyFileWithIOException(GoogleDriveFileOperationTest.java:226)
]]></error>
  </testcase>
  <testcase name="testModifyFile" classname="cs5850.Assignments.Assignment1.GoogleDriveFileOperationTest" time="0"/>
  <testcase name="testModifyFileWithNullId" classname="cs5850.Assignments.Assignment1.GoogleDriveFileOperationTest" time="0">
    <failure message="Expected exception: java.lang.NullPointerException" type="java.lang.AssertionError">java.lang.AssertionError: Expected exception: java.lang.NullPointerException
</failure>
  </testcase>
  <testcase name="testGoogleDrivegdFileOp" classname="cs5850.Assignments.Assignment1.GoogleDriveFileOperationTest" time="0"/>
  <testcase name="testDeleteFile" classname="cs5850.Assignments.Assignment1.GoogleDriveFileOperationTest" time="0">
    <error message="&#10;when() requires an argument which has to be &apos;a method call on a mock&apos;.&#10;For example:&#10;    when(mock.getArticles()).thenReturn(articles);&#10;&#10;Also, this error might show up because:&#10;1. you stub either of: final/private/equals()/hashCode() methods.&#10;   Those methods *cannot* be stubbed/verified.&#10;2. inside when() you don&apos;t call method on mock but on some other object.&#10;3. the parent of the mocked class is not public.&#10;   It is a limitation of the mock engine.&#10;" type="org.mockito.exceptions.misusing.MissingMethodInvocationException">org.mockito.exceptions.misusing.MissingMethodInvocationException: 

when() requires an argument which has to be 'a method call on a mock'.
For example:
    when(mock.getArticles()).thenReturn(articles);

Also, this error might show up because:
1. you stub either of: final/private/equals()/hashCode() methods.
   Those methods *cannot* be stubbed/verified.
2. inside when() you don't call method on mock but on some other object.
3. the parent of the mocked class is not public.
   It is a limitation of the mock engine.

	at cs5850.Assignments.Assignment1.GoogleDriveFileOperationTest.testDeleteFile(GoogleDriveFileOperationTest.java:267)
</error>
  </testcase>
  <testcase name="testGetFileId" classname="cs5850.Assignments.Assignment1.GoogleDriveFileOperationTest" time="0"/>
  <testcase name="testGetFileIdIOException" classname="cs5850.Assignments.Assignment1.GoogleDriveFileOperationTest" time="0.015">
    <failure message="expected:&lt;[java.io.IOException]&gt; but was:&lt;[null]&gt;" type="org.junit.ComparisonFailure"><![CDATA[org.junit.ComparisonFailure: expected:<[java.io.IOException]> but was:<[null]>
	at cs5850.Assignments.Assignment1.GoogleDriveFileOperationTest.testGetFileIdIOException(GoogleDriveFileOperationTest.java:153)
]]></failure>
  </testcase>
  <testcase name="testAddExistingFileIOException" classname="cs5850.Assignments.Assignment1.GoogleDriveFileOperationTest" time="0">
    <failure message="Expected exception: java.io.IOException" type="java.lang.AssertionError">java.lang.AssertionError: Expected exception: java.io.IOException
</failure>
  </testcase>
</testsuite>